<?xml version="1.0" encoding="utf-8"?><testsuites name="pytest tests"><testsuite name="pytest" errors="0" failures="0" skipped="0" tests="9" time="1.390" timestamp="2026-08-25T15:32:33.747704+00:00" hostname="agent-env-a7a983d8-0272-4ea5-9510-24319b834704"><testcase classname="tests.test_auth.TestAuthMe" name="test_auth_me_no_header" time="0.329" /><testcase classname="tests.test_auth.TestAuthSession" name="test_auth_session_missing_session_id" time="0.378" /><testcase classname="tests.test_auth.TestAuthMe" name="test_auth_me_garbage_token" time="0.163" /><testcase classname="tests.test_auth.TestAuthSession" name="test_auth_session_invalid_session_id" time="0.327" /><testcase classname="tests.test_auth.TestAuthMe" name="test_auth_me_malformed_header" time="0.137" /><testcase classname="tests.test_auth.TestAuthMe" name="test_auth_me_empty_bearer" time="0.152" /><testcase classname="tests.test_auth.TestAuthSession" name="test_auth_session_fake_invalid_token" time="0.198" /><testcase classname="tests.test_auth.TestHealthCheck" name="test_root_endpoint" time="0.120" /><testcase classname="tests.test_auth.TestAuthSession" name="test_auth_session_empty_body" time="0.154" /></testsuite></testsuites>